<?xml version="1.0" encoding="UTF-8"?>
<testng-results skipped="0" failed="0" ignored="0" total="1" passed="1">
  <reporter-output>
  </reporter-output>
  <suite name="Onecomm solution test" duration-ms="57259" started-at="2019-11-17T06:52:34Z" finished-at="2019-11-17T06:53:31Z">
    <groups>
    </groups>
    <test name="Smoke Test" duration-ms="57259" started-at="2019-11-17T06:52:34Z" finished-at="2019-11-17T06:53:31Z">
      <class name="com.qa.testscripts.login.TC_LoginTest_01">
        <test-method status="PASS" signature="setUp()[pri:0, instance:com.qa.testscripts.login.TC_LoginTest_01@eaafa6]" name="setUp" is-config="true" duration-ms="75" started-at="2019-11-17T06:52:34Z" finished-at="2019-11-17T06:52:34Z">
          <reporter-output>
          </reporter-output>
        </test-method> <!-- setUp -->
        <test-method status="PASS" signature="setUpBrowser()[pri:0, instance:com.qa.testscripts.login.TC_LoginTest_01@eaafa6]" name="setUpBrowser" is-config="true" duration-ms="10158" started-at="2019-11-17T06:52:35Z" finished-at="2019-11-17T06:52:45Z">
          <reporter-output>
          </reporter-output>
        </test-method> <!-- setUpBrowser -->
        <test-method status="PASS" signature="loginTest(java.util.Hashtable)[pri:0, instance:com.qa.testscripts.login.TC_LoginTest_01@eaafa6]" name="loginTest" duration-ms="45766" started-at="2019-11-17T06:52:45Z" data-provider="dp" finished-at="2019-11-17T06:53:30Z">
          <params>
            <param index="0">
              <value>
                <![CDATA[{password=yuvi@666, testcaseID=TC_LoginTest_01, iteration=1.0, username=sammca87@gmail.com}]]>
              </value>
            </param>
          </params>
          <reporter-output>
          </reporter-output>
        </test-method> <!-- loginTest -->
        <test-method status="PASS" signature="closeBrowser()[pri:0, instance:com.qa.testscripts.login.TC_LoginTest_01@eaafa6]" name="closeBrowser" is-config="true" duration-ms="478" started-at="2019-11-17T06:53:30Z" finished-at="2019-11-17T06:53:31Z">
          <reporter-output>
          </reporter-output>
        </test-method> <!-- closeBrowser -->
        <test-method status="PASS" signature="tearDown()[pri:0, instance:com.qa.testscripts.login.TC_LoginTest_01@eaafa6]" name="tearDown" is-config="true" duration-ms="1700" started-at="2019-11-17T06:53:33Z" finished-at="2019-11-17T06:53:34Z">
          <reporter-output>
          </reporter-output>
        </test-method> <!-- tearDown -->
      </class> <!-- com.qa.testscripts.login.TC_LoginTest_01 -->
    </test> <!-- Smoke Test -->
  </suite> <!-- Onecomm solution test -->
</testng-results>
